98.11.10 15:32 B C:\htdogpro\Web site\data\cplus\BOOL.CPP <-- LVP Web Site /home2/servers/lvp/pages/data/cplus BOOL.CPP
98.11.10 15:32 B C:\htdogpro\Web site\data\cplus\Bool.h <-- LVP Web Site /home2/servers/lvp/pages/data/cplus Bool.h
98.11.10 15:32 B C:\htdogpro\Web site\data\cplus\CIRCLE.CPP <-- LVP Web Site /home2/servers/lvp/pages/data/cplus CIRCLE.CPP
98.11.10 15:32 B C:\htdogpro\Web site\data\cplus\CIRCLE.H <-- LVP Web Site /home2/servers/lvp/pages/data/cplus CIRCLE.H
98.11.10 15:32 B C:\htdogpro\Web site\data\cplus\COLLEGE.CPP <-- LVP Web Site /home2/servers/lvp/pages/data/cplus COLLEGE.CPP
98.11.10 15:32 B C:\htdogpro\Web site\data\cplus\COLLEGE.H <-- LVP Web Site /home2/servers/lvp/pages/data/cplus COLLEGE.H
98.11.10 15:32 B C:\htdogpro\Web site\data\cplus\Gui_bot.h <-- LVP Web Site /home2/servers/lvp/pages/data/cplus Gui_bot.h
98.11.10 15:32 B C:\htdogpro\Web site\data\cplus\Gui_top.h <-- LVP Web Site /home2/servers/lvp/pages/data/cplus Gui_top.h
98.11.10 15:32 B C:\htdogpro\Web site\data\cplus\matrix.cpp <-- LVP Web Site /home2/servers/lvp/pages/data/cplus matrix.cpp
98.11.10 15:32 B C:\htdogpro\Web site\data\cplus\matrix.h <-- LVP Web Site /home2/servers/lvp/pages/data/cplus matrix.h
98.11.10 15:32 B C:\htdogpro\Web site\data\cplus\pegclass.cpp <-- LVP Web Site /home2/servers/lvp/pages/data/cplus pegclass.cpp
98.11.10 15:32 B C:\htdogpro\Web site\data\cplus\pegclass.h <-- LVP Web Site /home2/servers/lvp/pages/data/cplus pegclass.h
98.11.10 15:32 B C:\htdogpro\Web site\data\cplus\queue.cpp <-- LVP Web Site /home2/servers/lvp/pages/data/cplus queue.cpp
98.11.10 15:32 B C:\htdogpro\Web site\data\cplus\queue.h <-- LVP Web Site /home2/servers/lvp/pages/data/cplus queue.h
98.11.10 15:32 B C:\htdogpro\Web site\data\cplus\RANDOM.H <-- LVP Web Site /home2/servers/lvp/pages/data/cplus RANDOM.H
98.11.10 15:32 B C:\htdogpro\Web site\data\cplus\stack.cpp <-- LVP Web Site /home2/servers/lvp/pages/data/cplus stack.cpp
98.11.10 15:32 B C:\htdogpro\Web site\data\cplus\stack.h <-- LVP Web Site /home2/servers/lvp/pages/data/cplus stack.h
98.11.10 15:32 B C:\htdogpro\Web site\data\cplus\stopwat.h <-- LVP Web Site /home2/servers/lvp/pages/data/cplus stopwat.h
98.11.10 15:32 B C:\htdogpro\Web site\data\cplus\string.cpp <-- LVP Web Site /home2/servers/lvp/pages/data/cplus string.cpp
98.11.10 15:32 B C:\htdogpro\Web site\data\cplus\string.h <-- LVP Web Site /home2/servers/lvp/pages/data/cplus string.h
98.11.10 15:32 B C:\htdogpro\Web site\data\cplus\Toplist.cpp <-- LVP Web Site /home2/servers/lvp/pages/data/cplus Toplist.cpp
98.11.10 15:32 B C:\htdogpro\Web site\data\cplus\TOPLIST.H <-- LVP Web Site /home2/servers/lvp/pages/data/cplus TOPLIST.H
98.11.10 15:32 B C:\htdogpro\Web site\data\cplus\vector.cpp <-- LVP Web Site /home2/servers/lvp/pages/data/cplus vector.cpp
98.11.10 15:33 B C:\htdogpro\Web site\data\cplus\vector.h <-- LVP Web Site /home2/servers/lvp/pages/data/cplus vector.h
99.04.27 15:16 B C:\HTDOGPRO\Website\data\cpluspc\Access.log <-- LVPWebSite /home2/servers/lvp/pages/data/cpluspc Access.log
99.04.27 15:16 B C:\HTDOGPRO\Website\data\cpluspc\ask-not.txt <-- LVPWebSite /home2/servers/lvp/pages/data/cpluspc ask-not.txt
99.04.27 15:16 B C:\HTDOGPRO\Website\data\cpluspc\BOOL.CPP <-- LVPWebSite /home2/servers/lvp/pages/data/cpluspc BOOL.CPP
99.04.27 15:16 B C:\HTDOGPRO\Website\data\cpluspc\Bool.h <-- LVPWebSite /home2/servers/lvp/pages/data/cpluspc Bool.h
99.04.27 15:16 B C:\HTDOGPRO\Website\data\cpluspc\CIRCLE.CPP <-- LVPWebSite /home2/servers/lvp/pages/data/cpluspc CIRCLE.CPP
99.04.27 15:16 B C:\HTDOGPRO\Website\data\cpluspc\CIRCLE.H <-- LVPWebSite /home2/servers/lvp/pages/data/cpluspc CIRCLE.H
99.04.27 15:16 B C:\HTDOGPRO\Website\data\cpluspc\COLLEGE.CPP <-- LVPWebSite /home2/servers/lvp/pages/data/cpluspc COLLEGE.CPP
99.04.27 15:16 B C:\HTDOGPRO\Website\data\cpluspc\COLLEGE.H <-- LVPWebSite /home2/servers/lvp/pages/data/cpluspc COLLEGE.H
99.04.27 15:16 B C:\HTDOGPRO\Website\data\cpluspc\colleges.txt <-- LVPWebSite /home2/servers/lvp/pages/data/cpluspc colleges.txt
99.04.27 15:16 B C:\HTDOGPRO\Website\data\cpluspc\composer.txt <-- LVPWebSite /home2/servers/lvp/pages/data/cpluspc composer.txt
99.04.27 15:16 B C:\HTDOGPRO\Website\data\cpluspc\Gui_bot.h <-- LVPWebSite /home2/servers/lvp/pages/data/cpluspc Gui_bot.h
99.04.27 15:16 B C:\HTDOGPRO\Website\data\cpluspc\Gui_top.h <-- LVPWebSite /home2/servers/lvp/pages/data/cpluspc Gui_top.h
99.04.27 15:16 B C:\HTDOGPRO\Website\data\cpluspc\matrix.cpp <-- LVPWebSite /home2/servers/lvp/pages/data/cpluspc matrix.cpp
99.04.27 15:16 B C:\HTDOGPRO\Website\data\cpluspc\matrix.h <-- LVPWebSite /home2/servers/lvp/pages/data/cpluspc matrix.h
99.04.27 15:16 B C:\HTDOGPRO\Website\data\cpluspc\pegclass.cpp <-- LVPWebSite /home2/servers/lvp/pages/data/cpluspc pegclass.cpp
99.04.27 15:16 B C:\HTDOGPRO\Website\data\cpluspc\pegclass.h <-- LVPWebSite /home2/servers/lvp/pages/data/cpluspc pegclass.h
99.04.27 15:16 B C:\HTDOGPRO\Website\data\cpluspc\queue.cpp <-- LVPWebSite /home2/servers/lvp/pages/data/cpluspc queue.cpp
99.04.27 15:16 B C:\HTDOGPRO\Website\data\cpluspc\queue.h <-- LVPWebSite /home2/servers/lvp/pages/data/cpluspc queue.h
99.04.27 15:16 B C:\HTDOGPRO\Website\data\cpluspc\quick.txt <-- LVPWebSite /home2/servers/lvp/pages/data/cpluspc quick.txt
99.04.27 15:16 B C:\HTDOGPRO\Website\data\cpluspc\RANDOM.H <-- LVPWebSite /home2/servers/lvp/pages/data/cpluspc RANDOM.H
99.04.27 15:16 B C:\HTDOGPRO\Website\data\cpluspc\readme.txt <-- LVPWebSite /home2/servers/lvp/pages/data/cpluspc readme.txt
99.04.27 15:16 B C:\HTDOGPRO\Website\data\cpluspc\scores.dat <-- LVPWebSite /home2/servers/lvp/pages/data/cpluspc scores.dat
99.04.27 15:16 B C:\HTDOGPRO\Website\data\cpluspc\slide.dat <-- LVPWebSite /home2/servers/lvp/pages/data/cpluspc slide.dat
99.04.27 15:16 B C:\HTDOGPRO\Website\data\cpluspc\stack.cpp <-- LVPWebSite /home2/servers/lvp/pages/data/cpluspc stack.cpp
99.04.27 15:16 B C:\HTDOGPRO\Website\data\cpluspc\stack.h <-- LVPWebSite /home2/servers/lvp/pages/data/cpluspc stack.h
99.04.27 15:16 B C:\HTDOGPRO\Website\data\cpluspc\stopwat.h <-- LVPWebSite /home2/servers/lvp/pages/data/cpluspc stopwat.h
99.04.27 15:16 B C:\HTDOGPRO\Website\data\cpluspc\string.cpp <-- LVPWebSite /home2/servers/lvp/pages/data/cpluspc string.cpp
99.04.27 15:16 B C:\HTDOGPRO\Website\data\cpluspc\string.h <-- LVPWebSite /home2/servers/lvp/pages/data/cpluspc string.h
99.04.27 15:16 B C:\HTDOGPRO\Website\data\cpluspc\Toplist.cpp <-- LVPWebSite /home2/servers/lvp/pages/data/cpluspc Toplist.cpp
99.04.27 15:16 B C:\HTDOGPRO\Website\data\cpluspc\TOPLIST.H <-- LVPWebSite /home2/servers/lvp/pages/data/cpluspc TOPLIST.H
99.04.27 15:16 B C:\HTDOGPRO\Website\data\cpluspc\vector.cpp <-- LVPWebSite /home2/servers/lvp/pages/data/cpluspc vector.cpp
99.04.27 15:16 B C:\HTDOGPRO\Website\data\cpluspc\vector.h <-- LVPWebSite /home2/servers/lvp/pages/data/cpluspc vector.h
